2014-08-21 16:29:20,287 [Worker-1] INFO  o.e.m.c.i.i.nexus.NexusIndexManager - Updating index for repository: central|http://repo1.maven.org/maven2
2014-08-21 16:29:41,559 [Worker-1] INFO  o.e.m.c.i.i.nexus.NexusIndexManager - Updated index for repository: central|http://repo1.maven.org/maven2 in 21278 ms
2014-08-21 16:30:05,857 [ModalContext] WARN  o.e.m.i.discovery.MavenDiscovery - CatalogItem org.eclipse.m2e.discovery.lifecyclemapping.m2e-egit does not contain lifecycle mapping metadata
2014-08-21 16:30:05,859 [ModalContext] WARN  o.e.m.i.discovery.MavenDiscovery - CatalogItem org.eclipse.m2e.discovery.lifecyclemapping.m2e-cvs does not contain lifecycle mapping metadata
2014-08-21 16:30:05,860 [ModalContext] WARN  o.e.m.i.discovery.MavenDiscovery - CatalogItem org.eclipse.m2e.discovery.lifecyclemapping.m2e-subversive does not contain lifecycle mapping metadata
2014-08-21 16:30:05,861 [ModalContext] WARN  o.e.m.i.discovery.MavenDiscovery - CatalogItem org.eclipse.m2e.discovery.lifecyclemapping.m2e-subclipse does not contain lifecycle mapping metadata
2014-08-21 16:30:05,863 [ModalContext] WARN  o.e.m.i.discovery.MavenDiscovery - CatalogItem org.eclipse.m2e.discovery.maven-runtime-3.0.3 does not contain lifecycle mapping metadata
2014-08-21 16:30:28,244 [Worker-1] INFO  o.e.m.c.i.l.LifecycleMappingFactory - Using org.eclipse.m2e.jdt.JarLifecycleMapping lifecycle mapping for MavenProject: com.atom.sat:sat:0.0.1-SNAPSHOT @ D:\ATOM-cse\res\Gitanjali\sat\pom.xml.
2014-08-21 16:30:32,213 [Worker-1] INFO  o.e.m.j.i.AbstractJavaProjectConfigurator - Adding source folder /sat/src/main/java
2014-08-21 16:30:32,214 [Worker-8] INFO  o.e.m.c.i.l.LifecycleMappingFactory - Using org.eclipse.m2e.jdt.JarLifecycleMapping lifecycle mapping for MavenProject: com.atom.sat:sat:0.0.1-SNAPSHOT @ D:\ATOM-cse\res\Gitanjali\sat\pom.xml.
2014-08-21 16:30:32,216 [Worker-1] INFO  o.e.m.j.i.AbstractJavaProjectConfigurator - Adding source folder /sat/src/test/java
2014-08-21 16:30:32,602 [Worker-1] INFO  o.e.m.c.i.p.ProjectConfigurationManager - Project import completed 14 sec
2014-08-21 16:30:32,611 [Worker-8] INFO  o.e.m.c.i.l.LifecycleMappingFactory - Using org.eclipse.m2e.jdt.JarLifecycleMapping lifecycle mapping for MavenProject: com.atom.sat:sat:0.0.1-SNAPSHOT @ D:\ATOM-cse\res\Gitanjali\sat\pom.xml.
2014-08-21 16:30:34,886 [Worker-4] INFO  o.e.m.c.u.i.UpdateConfigurationJob - Update started
2014-08-21 16:30:34,887 [Worker-4] INFO  o.e.m.c.u.i.UpdateConfigurationJob - Update completed: 0 sec
2014-08-21 16:30:38,894 [Worker-1] INFO  o.e.m.c.i.l.LifecycleMappingFactory - Using org.eclipse.m2e.jdt.JarLifecycleMapping lifecycle mapping for MavenProject: com.atom.sat:sat:0.0.1-SNAPSHOT @ D:\ATOM-cse\res\Gitanjali\sat\pom.xml.
2014-08-21 16:30:39,479 [Worker-1] INFO  o.e.m.c.i.embedder.EclipseLogger - Using 'UTF-8' encoding to copy filtered resources.
2014-08-21 16:30:39,480 [Worker-1] INFO  o.e.m.c.i.embedder.EclipseLogger - skip non existing resourceDirectory D:\ATOM-cse\res\Gitanjali\sat\src\main\resources
2014-08-21 16:30:39,482 [Worker-1] INFO  o.e.m.c.i.embedder.EclipseLogger - Using 'UTF-8' encoding to copy filtered resources.
2014-08-21 16:30:39,482 [Worker-1] INFO  o.e.m.c.i.embedder.EclipseLogger - skip non existing resourceDirectory D:\ATOM-cse\res\Gitanjali\sat\src\test\resources
2014-08-21 16:32:54,480 [Worker-2] INFO  o.e.m.c.i.embedder.EclipseLogger - Using 'UTF-8' encoding to copy filtered resources.
2014-08-21 16:32:54,481 [Worker-2] INFO  o.e.m.c.i.embedder.EclipseLogger - skip non existing resourceDirectory D:\ATOM-cse\res\Gitanjali\sat\src\main\resources
2014-08-21 16:32:54,482 [Worker-2] INFO  o.e.m.c.i.embedder.EclipseLogger - Using 'UTF-8' encoding to copy filtered resources.
2014-08-21 16:32:54,482 [Worker-2] INFO  o.e.m.c.i.embedder.EclipseLogger - skip non existing resourceDirectory D:\ATOM-cse\res\Gitanjali\sat\src\test\resources
2014-08-21 16:33:04,623 [Worker-1] INFO  o.e.m.c.i.l.LifecycleMappingFactory - Using org.eclipse.m2e.jdt.JarLifecycleMapping lifecycle mapping for MavenProject: com.atom.sat:sat:0.0.1-SNAPSHOT @ D:\ATOM-cse\res\Gitanjali\sat\pom.xml.
2014-08-21 16:33:05,102 [Worker-1] INFO  o.e.m.c.i.embedder.EclipseLogger - Using 'UTF-8' encoding to copy filtered resources.
2014-08-21 16:33:05,102 [Worker-1] INFO  o.e.m.c.i.embedder.EclipseLogger - skip non existing resourceDirectory D:\ATOM-cse\res\Gitanjali\sat\src\main\resources
2014-08-21 16:33:05,103 [Worker-1] INFO  o.e.m.c.i.embedder.EclipseLogger - Using 'UTF-8' encoding to copy filtered resources.
2014-08-21 16:33:05,104 [Worker-1] INFO  o.e.m.c.i.embedder.EclipseLogger - skip non existing resourceDirectory D:\ATOM-cse\res\Gitanjali\sat\src\test\resources
